
[1;37m[ Lynis 3.0.9 ][0m

################################################################################
  Lynis comes with ABSOLUTELY NO WARRANTY. This is free software, and you are
  welcome to redistribute it under the terms of the GNU General Public License.
  See the LICENSE file for details about using this software.

  2007-2021, CISOfy - https://cisofy.com/lynis/
  Enterprise support available (compliance, plugins, interface and tools)
################################################################################


[+] [1;33mInitializing program[0m
------------------------------------
[0;35m[DEBUG][0m Already discovered default.prf - skipping this file (/usr/local/lynis/default.prf)
[0;35m[DEBUG][0m Already discovered default.prf - skipping this file (./default.prf)
[2C- Detecting OS... [41C [ [1;32mDONE[0m ]
[0;35m[DEBUG][0m Profile option set: colors (with value yes)
[0;35m[DEBUG][0m Colors set to 1
[0;35m[DEBUG][0m Profile option set: compressed-uploads (with value yes)
[0;35m[DEBUG][0m Profile option set: error-on-warnings (with value no)
[0;35m[DEBUG][0m Exit with different code on warnings is set to 0
[0;35m[DEBUG][0m Profile option set: language (with value )
[0;35m[DEBUG][0m Profile option set: machine-role (with value server)
[0;35m[DEBUG][0m Profile option set: profile-name (with value Default Audit Template)
[0;35m[DEBUG][0m Profile option set: pause-between-tests (with value 0)
[0;35m[DEBUG][0m Profile option set: quick (with value yes)
[0;35m[DEBUG][0m Quickmode set to 1
[0;35m[DEBUG][0m Profile option set: refresh-repositories (with value yes)
[0;35m[DEBUG][0m Refreshing repositories set to 1
[0;35m[DEBUG][0m Profile option set: show-report-solution (with value yes)
[0;35m[DEBUG][0m Show report details (solution) set to 1
[0;35m[DEBUG][0m Profile option set: show-tool-tips (with value yes)
[0;35m[DEBUG][0m Show tool tips set to 1
[0;35m[DEBUG][0m Profile option set: skip-plugins (with value no)
[0;35m[DEBUG][0m Skip plugins is set to 0
[0;35m[DEBUG][0m Profile option set: skip-upgrade-test (with value yes)
[0;35m[DEBUG][0m Skip upgrade test set to 1
[0;35m[DEBUG][0m Profile option set: ssl-certificate-paths (with value /etc/apache2:/etc/dovecot:/etc/httpd:/etc/letsencrypt:/etc/pki:/etc/postfix:/etc/refind.d/keys:/etc/ssl:/opt/psa/var/certificates:/usr/local/psa/var/certificates:/usr/local/share/ca-certificates:/usr/share/ca-certificates:/usr/share/gnupg:/var/www:/srv/www)
[0;35m[DEBUG][0m SSL paths set to /etc/apache2:/etc/dovecot:/etc/httpd:/etc/letsencrypt:/etc/pki:/etc/postfix:/etc/refind.d/keys:/etc/ssl:/opt/psa/var/certificates:/usr/local/psa/var/certificates:/usr/local/share/ca-certificates:/usr/share/ca-certificates:/usr/share/gnupg:/var/www:/srv/www
[0;35m[DEBUG][0m Profile option set: ssl-certificate-paths-to-ignore (with value /etc/letsencrypt/archive:)
[0;35m[DEBUG][0m SSL paths to ignore: /etc/letsencrypt/archive 
[0;35m[DEBUG][0m Profile option set: ssl-certificate-include-packages (with value no)
[0;35m[DEBUG][0m Check also certificates provided by packages set to 0
[0;35m[DEBUG][0m Profile option set: test-scan-mode (with value full)
[0;35m[DEBUG][0m Profile option set: verbose (with value no)
[0;35m[DEBUG][0m Verbose set to 0
[0;35m[DEBUG][0m Profile option set: plugin (with value authentication)
[0;35m[DEBUG][0m Profile option set: plugin (with value compliance)
[0;35m[DEBUG][0m Profile option set: plugin (with value configuration)
[0;35m[DEBUG][0m Profile option set: plugin (with value control-panels)
[0;35m[DEBUG][0m Profile option set: plugin (with value crypto)
[0;35m[DEBUG][0m Profile option set: plugin (with value dns)
[0;35m[DEBUG][0m Profile option set: plugin (with value docker)
[0;35m[DEBUG][0m Profile option set: plugin (with value file-integrity)
[0;35m[DEBUG][0m Profile option set: plugin (with value file-systems)
[0;35m[DEBUG][0m Profile option set: plugin (with value firewalls)
[0;35m[DEBUG][0m Profile option set: plugin (with value forensics)
[0;35m[DEBUG][0m Profile option set: plugin (with value hardware)
[0;35m[DEBUG][0m Profile option set: plugin (with value intrusion-detection)
[0;35m[DEBUG][0m Profile option set: plugin (with value intrusion-prevention)
[0;35m[DEBUG][0m Profile option set: plugin (with value kernel)
[0;35m[DEBUG][0m Profile option set: plugin (with value malware)
[0;35m[DEBUG][0m Profile option set: plugin (with value memory)
[0;35m[DEBUG][0m Profile option set: plugin (with value nginx)
[0;35m[DEBUG][0m Profile option set: plugin (with value pam)
[0;35m[DEBUG][0m Profile option set: plugin (with value processes)
[0;35m[DEBUG][0m Profile option set: plugin (with value security-modules)
[0;35m[DEBUG][0m Profile option set: plugin (with value software)
[0;35m[DEBUG][0m Profile option set: plugin (with value system-integrity)
[0;35m[DEBUG][0m Profile option set: plugin (with value systemd)
[0;35m[DEBUG][0m Profile option set: plugin (with value users)
[0;35m[DEBUG][0m Profile option set: plugin (with value debian)
[0;35m[DEBUG][0m Profile option set: config-data (with value sysctl;security.bsd.see_other_gids;0;1;Groups only see their own processes;sysctl -a;-;category:security;)
[0;35m[DEBUG][0m Ignoring configuration option, as it will be used by a specific test
[0;35m[DEBUG][0m Profile option set: config-data (with value sysctl;security.bsd.see_other_uids;0;1;Users only see their own processes;sysctl -a;-;category:security;)
[0;35m[DEBUG][0m Ignoring configuration option, as it will be used by a specific test
[0;35m[DEBUG][0m Profile option set: config-data (with value sysctl;security.bsd.stack_guard_page;1;1;Enable stack smashing protection (SSP)/ProPolice to defend against possible buffer overflows;-;category:security;)
[0;35m[DEBUG][0m Ignoring configuration option, as it will be used by a specific test
[0;35m[DEBUG][0m Profile option set: config-data (with value sysctl;security.bsd.unprivileged_proc_debug;0;1;Unprivileged processes can not use process debugging;sysctl -a;-;category:security;)
[0;35m[DEBUG][0m Ignoring configuration option, as it will be used by a specific test
[0;35m[DEBUG][0m Profile option set: config-data (with value sysctl;security.bsd.unprivileged_read_msgbuf;0;1;Unprivileged processes can not read the kernel message buffer;sysctl -a;-;category:security;)
[0;35m[DEBUG][0m Ignoring configuration option, as it will be used by a specific test
[0;35m[DEBUG][0m Profile option set: config-data (with value sysctl;fs.suid_dumpable;0;1;Restrict core dumps;sysctl -a;url:https;//www.kernel.org/doc/Documentation/sysctl/fs.txt;category:security;)
[0;35m[DEBUG][0m Ignoring configuration option, as it will be used by a specific test
[0;35m[DEBUG][0m Profile option set: config-data (with value sysctl;fs.protected_fifos;2;1;Restrict FIFO special device creation behavior;sysctl -a;url:https;//www.kernel.org/doc/Documentation/sysctl/fs.txt;category:security;)
[0;35m[DEBUG][0m Ignoring configuration option, as it will be used by a specific test
[0;35m[DEBUG][0m Profile option set: config-data (with value sysctl;fs.protected_hardlinks;1;1;Restrict hardlink creation behavior;sysctl -a;url:https;//www.kernel.org/doc/Documentation/sysctl/fs.txt;category:security;)
[0;35m[DEBUG][0m Ignoring configuration option, as it will be used by a specific test
[0;35m[DEBUG][0m Profile option set: config-data (with value sysctl;fs.protected_regular;2;1;Restrict regular files creation behavior;sysctl -a;url:https;//www.kernel.org/doc/Documentation/sysctl/fs.txt;category:security;)
[0;35m[DEBUG][0m Ignoring configuration option, as it will be used by a specific test
[0;35m[DEBUG][0m Profile option set: config-data (with value sysctl;fs.protected_symlinks;1;1;Restrict symlink following behavior;sysctl -a;url:https;//www.kernel.org/doc/Documentation/sysctl/fs.txt;category:security;)
[0;35m[DEBUG][0m Ignoring configuration option, as it will be used by a specific test
[0;35m[DEBUG][0m Profile option set: config-data (with value sysctl;kern.sugid_coredump;0;1;No description;sysctl -a;url:https;//kernel.org/doc/Documentation/sysctl/kernel.txt;category:security;)
[0;35m[DEBUG][0m Ignoring configuration option, as it will be used by a specific test
[0;35m[DEBUG][0m Profile option set: config-data (with value sysctl;kernel.core_setuid_ok;0;1;No description;sysctl -a;url:https;//kernel.org/doc/Documentation/sysctl/kernel.txt;category:security;)
[0;35m[DEBUG][0m Ignoring configuration option, as it will be used by a specific test
[0;35m[DEBUG][0m Profile option set: config-data (with value sysctl;kernel.core_uses_pid;1;1;No description;sysctl -a;url:https;//kernel.org/doc/Documentation/sysctl/kernel.txt;category:security;)
[0;35m[DEBUG][0m Ignoring configuration option, as it will be used by a specific test
[0;35m[DEBUG][0m Profile option set: config-data (with value sysctl;kernel.ctrl-alt-del;0;1;No description;sysctl -a;url:https;//kernel.org/doc/Documentation/sysctl/kernel.txt;category:security;)
[0;35m[DEBUG][0m Ignoring configuration option, as it will be used by a specific test
[0;35m[DEBUG][0m Profile option set: config-data (with value sysctl;kernel.dmesg_restrict;1;1;Restrict use of dmesg;sysctl -a;url:https;//kernel.org/doc/Documentation/sysctl/kernel.txt;category:security;)
[0;35m[DEBUG][0m Ignoring configuration option, as it will be used by a specific test
[0;35m[DEBUG][0m Profile option set: config-data (with value sysctl;kernel.exec-shield-randomize;1;1;No description;sysctl -a;url:https;//kernel.org/doc/Documentation/sysctl/kernel.txt;category:security;)
[0;35m[DEBUG][0m Ignoring configuration option, as it will be used by a specific test
[0;35m[DEBUG][0m Profile option set: config-data (with value sysctl;kernel.exec-shield;1;1;No description;sysctl -a;url:https;//kernel.org/doc/Documentation/sysctl/kernel.txt;category:security;)
[0;35m[DEBUG][0m Ignoring configuration option, as it will be used by a specific test
[0;35m[DEBUG][0m Profile option set: config-data (with value sysctl;kernel.kptr_restrict;2;1;Restrict access to kernel symbols;sysctl -a;url:https;//kernel.org/doc/Documentation/sysctl/kernel.txt;category:security;)
[0;35m[DEBUG][0m Ignoring configuration option, as it will be used by a specific test
[0;35m[DEBUG][0m Profile option set: config-data (with value sysctl;kernel.maps_protect;1;1;Restrict access to /proc/[pid]/maps;sysctl -a;url:https;//kernel.org/doc/Documentation/sysctl/kernel.txt;category:security;)
[0;35m[DEBUG][0m Ignoring configuration option, as it will be used by a specific test
[0;35m[DEBUG][0m Profile option set: config-data (with value sysctl;kernel.modules_disabled;1;1;Restrict module loading once this sysctl value is loaded;sysctl -a;url:https;//kernel.org/doc/Documentation/sysctl/kernel.txt;category:security;)
[0;35m[DEBUG][0m Ignoring configuration option, as it will be used by a specific test
[0;35m[DEBUG][0m Profile option set: config-data (with value sysctl;kernel.perf_event_paranoid;3;1;Restrict unprivileged access to the perf_event_open() system call.;sysctl -a;url:https;//kernel.org/doc/Documentation/sysctl/kernel.txt;category:security;)
[0;35m[DEBUG][0m Ignoring configuration option, as it will be used by a specific test
[0;35m[DEBUG][0m Profile option set: config-data (with value sysctl;kernel.randomize_va_space;2;1;Randomize of memory address locations (ASLR);sysctl -a;url:https;//kernel.org/doc/Documentation/sysctl/kernel.txt;category:security;)
[0;35m[DEBUG][0m Ignoring configuration option, as it will be used by a specific test
[0;35m[DEBUG][0m Profile option set: config-data (with value sysctl;kernel.suid_dumpable;0;1;Restrict core dumps;sysctl -a;url:https;//kernel.org/doc/Documentation/sysctl/kernel.txt;category:security;)
[0;35m[DEBUG][0m Ignoring configuration option, as it will be used by a specific test
[0;35m[DEBUG][0m Profile option set: config-data (with value sysctl;kernel.sysrq;0;1;Disable magic SysRQ;sysctl -a;url:https;//kernel.org/doc/Documentation/sysctl/kernel.txt;category:security;)
[0;35m[DEBUG][0m Ignoring configuration option, as it will be used by a specific test
[0;35m[DEBUG][0m Profile option set: config-data (with value sysctl;kernel.unprivileged_bpf_disabled;1;1;Restrict BPF for unprivileged users;sysctl -a;url:https;//kernel.org/doc/Documentation/sysctl/kernel.txt;category:security;)
[0;35m[DEBUG][0m Ignoring configuration option, as it will be used by a specific test
[0;35m[DEBUG][0m Profile option set: config-data (with value sysctl;kernel.use-nx;0;1;No description;sysctl -a;url:https;//kernel.org/doc/Documentation/sysctl/kernel.txt;category:security;)
[0;35m[DEBUG][0m Ignoring configuration option, as it will be used by a specific test
[0;35m[DEBUG][0m Profile option set: config-data (with value sysctl;kernel.yama.ptrace_scope;1|2|3;1;Disable process tracing for everyone;-;category:security;)
[0;35m[DEBUG][0m Ignoring configuration option, as it will be used by a specific test
[0;35m[DEBUG][0m Profile option set: config-data (with value sysctl;net.core.bpf_jit_harden;2;1;Hardened BPF JIT compilation;sysctl -a;url:https;//kernel.org/doc/Documentation/sysctl/kernel.txt;category:security;)
[0;35m[DEBUG][0m Ignoring configuration option, as it will be used by a specific test
[0;35m[DEBUG][0m Profile option set: config-data (with value sysctl;net.inet.ip.linklocal.in.allowbadttl;0;)
[0;35m[DEBUG][0m Ignoring configuration option, as it will be used by a specific test
[0;35m[DEBUG][0m Profile option set: config-data (with value sysctl;net.inet.tcp.always_keepalive;0;1;Disable TCP keep alive detection for dead peers as the keepalive can be spoofed;-;category:security;)
[0;35m[DEBUG][0m Ignoring configuration option, as it will be used by a specific test
[0;35m[DEBUG][0m Profile option set: config-data (with value sysctl;net.inet.tcp.nolocaltimewait;1;1;Remove the TIME_WAIT state for loopback interface;-;category:security;)
[0;35m[DEBUG][0m Ignoring configuration option, as it will be used by a specific test
[0;35m[DEBUG][0m Profile option set: config-data (with value sysctl;net.inet.tcp.path_mtu_discovery;0;1;Disable MTU discovery as many hosts drop the ICMP type 3 packets;-;category:security;)
[0;35m[DEBUG][0m Ignoring configuration option, as it will be used by a specific test
[0;35m[DEBUG][0m Profile option set: config-data (with value sysctl;net.inet.icmp.bmcastecho;0;1;Ignore ICMP packets directed to broadcast address;-;category:security;)
[0;35m[DEBUG][0m Ignoring configuration option, as it will be used by a specific test
[0;35m[DEBUG][0m Profile option set: config-data (with value sysctl;net.inet.tcp.icmp_may_rst;0;1;ICMP may not send RST to avoid spoofed ICMP/UDP floods;-;category:security;)
[0;35m[DEBUG][0m Ignoring configuration option, as it will be used by a specific test
[0;35m[DEBUG][0m Profile option set: config-data (with value sysctl;net.inet.icmp.drop_redirect;1;1;Do not allow redirected ICMP packets;-;category:security;)
[0;35m[DEBUG][0m Ignoring configuration option, as it will be used by a specific test
[0;35m[DEBUG][0m Profile option set: config-data (with value sysctl;net.inet.icmp.rediraccept;0;1;Disable incoming ICMP redirect routing redirects;-;category:security;)
[0;35m[DEBUG][0m Ignoring configuration option, as it will be used by a specific test
[0;35m[DEBUG][0m Profile option set: config-data (with value sysctl;net.inet.icmp.timestamp;0;1;Disable timestamps;-;category:security;)
[0;35m[DEBUG][0m Ignoring configuration option, as it will be used by a specific test
[0;35m[DEBUG][0m Profile option set: config-data (with value sysctl;net.inet.ip.accept_sourceroute;0;1;Disable IP source routing;-;category:security;)
[0;35m[DEBUG][0m Ignoring configuration option, as it will be used by a specific test
[0;35m[DEBUG][0m Profile option set: config-data (with value sysctl;net.inet.ip.check_interface;1;1;Verify that a packet arrived on the right interface;-;category:security;)
[0;35m[DEBUG][0m Ignoring configuration option, as it will be used by a specific test
[0;35m[DEBUG][0m Profile option set: config-data (with value sysctl;net.inet.ip.forwarding;0;1;Do not allow forwarding of traffic;-;category:security;)
[0;35m[DEBUG][0m Ignoring configuration option, as it will be used by a specific test
[0;35m[DEBUG][0m Profile option set: config-data (with value sysctl;net.inet.ip.process_options;0;1;Ignore any IP options in the incoming packets;-;category:security;)
[0;35m[DEBUG][0m Ignoring configuration option, as it will be used by a specific test
[0;35m[DEBUG][0m Profile option set: config-data (with value sysctl;net.inet.ip.random_id;1;1;Use a random IP id to each packet leaving the system;-;category:security;)
[0;35m[DEBUG][0m Ignoring configuration option, as it will be used by a specific test
[0;35m[DEBUG][0m Profile option set: config-data (with value sysctl;net.inet.ip.redirect;0;1;Disable/Ignore ICMP routing redirects;-;category:security;)
[0;35m[DEBUG][0m Ignoring configuration option, as it will be used by a specific test
[0;35m[DEBUG][0m Profile option set: config-data (with value sysctl;net.inet.ip.sourceroute;0;1;Disable IP source routing;-;category:security;)
[0;35m[DEBUG][0m Ignoring configuration option, as it will be used by a specific test
[0;35m[DEBUG][0m Profile option set: config-data (with value sysctl;net.inet.ip6.redirect;0;1;Disable/Ignore ICMP routing redirects;-;category:security;)
[0;35m[DEBUG][0m Ignoring configuration option, as it will be used by a specific test
[0;35m[DEBUG][0m Profile option set: config-data (with value sysctl;net.inet.tcp.blackhole;2;1;Do not sent RST but drop traffic when delivered to closed TCP port;-;category:security;)
[0;35m[DEBUG][0m Ignoring configuration option, as it will be used by a specific test
[0;35m[DEBUG][0m Profile option set: config-data (with value sysctl;net.inet.tcp.drop_synfin;1;1;SYN/FIN packets will be dropped on initial connection;-;category:security;)
[0;35m[DEBUG][0m Ignoring configuration option, as it will be used by a specific test
[0;35m[DEBUG][0m Profile option set: config-data (with value sysctl;net.inet.udp.blackhole;1;1;Do not sent RST but drop traffic when delivered to closed UDP port;-;category:security;)
[0;35m[DEBUG][0m Ignoring configuration option, as it will be used by a specific test
[0;35m[DEBUG][0m Profile option set: config-data (with value sysctl;net.inet6.icmp6.rediraccept;0;1;Disable incoming ICMP redirect routing redirects;-;category:security;)
[0;35m[DEBUG][0m Ignoring configuration option, as it will be used by a specific test
[0;35m[DEBUG][0m Profile option set: config-data (with value sysctl;net.inet6.ip6.forwarding;0;1;Do not allow forwarding of traffic;-;category:security;)
[0;35m[DEBUG][0m Ignoring configuration option, as it will be used by a specific test
[0;35m[DEBUG][0m Profile option set: config-data (with value sysctl;net.inet6.ip6.fw.enable;1;1;Enable filtering;-;category:security;)
[0;35m[DEBUG][0m Ignoring configuration option, as it will be used by a specific test
[0;35m[DEBUG][0m Profile option set: config-data (with value sysctl;net.inet6.ip6.redirect;0;1;Disable sending ICMP redirect routing redirects;-;category:security;)
[0;35m[DEBUG][0m Ignoring configuration option, as it will be used by a specific test
[0;35m[DEBUG][0m Profile option set: config-data (with value sysctl;net.ipv4.conf.all.accept_redirects;0;1;Disable/Ignore ICMP routing redirects;-;category:security;)
[0;35m[DEBUG][0m Ignoring configuration option, as it will be used by a specific test
[0;35m[DEBUG][0m Profile option set: config-data (with value sysctl;net.ipv4.conf.all.accept_source_route;0;1;Disable IP source routing;-;category:security;)
[0;35m[DEBUG][0m Ignoring configuration option, as it will be used by a specific test
[0;35m[DEBUG][0m Profile option set: config-data (with value sysctl;net.ipv4.conf.all.bootp_relay;0;1;Do not relay BOOTP packets;-;category:security;)
[0;35m[DEBUG][0m Ignoring configuration option, as it will be used by a specific test
[0;35m[DEBUG][0m Profile option set: config-data (with value sysctl;net.ipv4.conf.all.forwarding;0;1;Disable IP source routing;-;category:security;)
[0;35m[DEBUG][0m Ignoring configuration option, as it will be used by a specific test
[0;35m[DEBUG][0m Profile option set: config-data (with value sysctl;net.ipv4.conf.all.log_martians;1;1;Log all packages for which the host does not have a path back to the source;-;category:security;)
[0;35m[DEBUG][0m Ignoring configuration option, as it will be used by a specific test
[0;35m[DEBUG][0m Profile option set: config-data (with value sysctl;net.ipv4.conf.all.mc_forwarding;0;1;Disable IP source routing;-;category:security;)
[0;35m[DEBUG][0m Ignoring configuration option, as it will be used by a specific test
[0;35m[DEBUG][0m Profile option set: config-data (with value sysctl;net.ipv4.conf.all.proxy_arp;0;1;Do not relay ARP packets;-;category:security;)
[0;35m[DEBUG][0m Ignoring configuration option, as it will be used by a specific test
[0;35m[DEBUG][0m Profile option set: config-data (with value sysctl;net.ipv4.conf.all.rp_filter;1;1;Enforce ingress/egress filtering for packets;-;category:security;)
[0;35m[DEBUG][0m Ignoring configuration option, as it will be used by a specific test
[0;35m[DEBUG][0m Profile option set: config-data (with value sysctl;net.ipv4.conf.all.send_redirects;0;1;Disable/Ignore ICMP routing redirects;-;category:security;)
[0;35m[DEBUG][0m Ignoring configuration option, as it will be used by a specific test
[0;35m[DEBUG][0m Profile option set: config-data (with value sysctl;net.ipv4.conf.default.accept_redirects;0;1;Disable/Ignore ICMP routing redirects;-;category:security;)
[0;35m[DEBUG][0m Ignoring configuration option, as it will be used by a specific test
[0;35m[DEBUG][0m Profile option set: config-data (with value sysctl;net.ipv4.conf.default.accept_source_route;0;1;Disable IP source routing;-;category:security;)
[0;35m[DEBUG][0m Ignoring configuration option, as it will be used by a specific test
[0;35m[DEBUG][0m Profile option set: config-data (with value sysctl;net.ipv4.conf.default.log_martians;1;1;Log all packages for which the host does not have a path back to the source;-;category:security;)
[0;35m[DEBUG][0m Ignoring configuration option, as it will be used by a specific test
[0;35m[DEBUG][0m Profile option set: config-data (with value sysctl;net.ipv4.icmp_echo_ignore_broadcasts;1;1;Ignore ICMP packets directed to broadcast address;-;category:security;)
[0;35m[DEBUG][0m Ignoring configuration option, as it will be used by a specific test
[0;35m[DEBUG][0m Profile option set: config-data (with value sysctl;net.ipv4.icmp_ignore_bogus_error_responses;1;1;Ignore-;category:security;)
[0;35m[DEBUG][0m Ignoring configuration option, as it will be used by a specific test
[0;35m[DEBUG][0m Profile option set: config-data (with value sysctl;net.ipv4.tcp_syncookies;1;1;Use SYN cookies to prevent SYN attack;-;category:security;)
[0;35m[DEBUG][0m Ignoring configuration option, as it will be used by a specific test
[0;35m[DEBUG][0m Profile option set: config-data (with value sysctl;net.ipv4.tcp_timestamps;0|1;1;Disable TCP time stamps or enable them with different offsets;-;category:security;)
[0;35m[DEBUG][0m Ignoring configuration option, as it will be used by a specific test
[0;35m[DEBUG][0m Profile option set: config-data (with value sysctl;net.ipv6.conf.all.send_redirects;0;1;Disable/ignore ICMP routing redirects;-;category:security;)
[0;35m[DEBUG][0m Ignoring configuration option, as it will be used by a specific test
[0;35m[DEBUG][0m Profile option set: config-data (with value sysctl;net.ipv6.conf.all.accept_redirects;0;1;Disable/Ignore ICMP routing redirects;-;category:security;)
[0;35m[DEBUG][0m Ignoring configuration option, as it will be used by a specific test
[0;35m[DEBUG][0m Profile option set: config-data (with value sysctl;net.ipv6.conf.all.accept_source_route;0;1;Disable IP source routing;-;category:security;)
[0;35m[DEBUG][0m Ignoring configuration option, as it will be used by a specific test
[0;35m[DEBUG][0m Profile option set: config-data (with value sysctl;net.ipv6.conf.default.accept_redirects;0;1;Disable/Ignore ICMP routing redirects;-;category:security;)
[0;35m[DEBUG][0m Ignoring configuration option, as it will be used by a specific test
[0;35m[DEBUG][0m Profile option set: config-data (with value sysctl;net.ipv6.conf.default.accept_source_route;0;1;Disable IP source routing;-;category:security;)
[0;35m[DEBUG][0m Ignoring configuration option, as it will be used by a specific test
[0;35m[DEBUG][0m Profile option set: config-data (with value sysctl;dev.tty.ldisc_autoload;0;1;Disable loading of TTY line disciplines;-;category:security;)
[0;35m[DEBUG][0m Ignoring configuration option, as it will be used by a specific test
[0;35m[DEBUG][0m Profile option set: config-data (with value sysctl;hw.kbd.keymap_restrict_change;4;1;Disable changing the keymap by non-privileged users;-;category:security;)
[0;35m[DEBUG][0m Ignoring configuration option, as it will be used by a specific test
[0;35m[DEBUG][0m Profile option set: config-data (with value sysctl;security.bsd.hardlink_check_gid;1;1;Unprivileged processes are not allowed to create hard links to files which are owned by other groups;-;category:security;)
[0;35m[DEBUG][0m Ignoring configuration option, as it will be used by a specific test
[0;35m[DEBUG][0m Profile option set: config-data (with value sysctl;security.bsd.hardlink_check_uid;1;1;Unprivileged processes are not allowed to create hard links to files which are owned by other users;-;category:security;)
[0;35m[DEBUG][0m Ignoring configuration option, as it will be used by a specific test
[0;35m[DEBUG][0m Profile option set: permfile (with value /boot/grub/grub.cfg:rw-------:root:root:WARN:)
[0;35m[DEBUG][0m Ignoring configuration option, as it will be used by a specific test
[0;35m[DEBUG][0m Profile option set: permfile (with value /boot/grub2/grub.cfg:rw-------:root:root:WARN:)
[0;35m[DEBUG][0m Ignoring configuration option, as it will be used by a specific test
[0;35m[DEBUG][0m Profile option set: permfile (with value /boot/grub2/user.cfg:rw-------:root:root:WARN:)
[0;35m[DEBUG][0m Ignoring configuration option, as it will be used by a specific test
[0;35m[DEBUG][0m Profile option set: permfile (with value /etc/at.allow:rw-------:root:-:WARN:)
[0;35m[DEBUG][0m Ignoring configuration option, as it will be used by a specific test
[0;35m[DEBUG][0m Profile option set: permfile (with value /etc/at.deny:rw-------:root:-:WARN:)
[0;35m[DEBUG][0m Ignoring configuration option, as it will be used by a specific test
[0;35m[DEBUG][0m Profile option set: permfile (with value /etc/cron.allow:rw-------:root:-:WARN:)
[0;35m[DEBUG][0m Ignoring configuration option, as it will be used by a specific test
[0;35m[DEBUG][0m Profile option set: permfile (with value /etc/cron.deny:rw-------:root:-:WARN:)
[0;35m[DEBUG][0m Ignoring configuration option, as it will be used by a specific test
[0;35m[DEBUG][0m Profile option set: permfile (with value /etc/crontab:rw-------:root:-:WARN:)
[0;35m[DEBUG][0m Ignoring configuration option, as it will be used by a specific test
[0;35m[DEBUG][0m Profile option set: permfile (with value /etc/group:rw-r--r--:root:-:WARN:)
[0;35m[DEBUG][0m Ignoring configuration option, as it will be used by a specific test
[0;35m[DEBUG][0m Profile option set: permfile (with value /etc/group-:rw-r--r--:root:-:WARN:)
[0;35m[DEBUG][0m Ignoring configuration option, as it will be used by a specific test
[0;35m[DEBUG][0m Profile option set: permfile (with value /etc/hosts.allow:rw-r--r--:root:root:WARN:)
[0;35m[DEBUG][0m Ignoring configuration option, as it will be used by a specific test
[0;35m[DEBUG][0m Profile option set: permfile (with value /etc/hosts.deny:rw-r--r--:root:root:WARN:)
[0;35m[DEBUG][0m Ignoring configuration option, as it will be used by a specific test
[0;35m[DEBUG][0m Profile option set: permfile (with value /etc/issue:rw-r--r--:root:root:WARN:)
[0;35m[DEBUG][0m Ignoring configuration option, as it will be used by a specific test
[0;35m[DEBUG][0m Profile option set: permfile (with value /etc/issue.net:rw-r--r--:root:root:WARN:)
[0;35m[DEBUG][0m Ignoring configuration option, as it will be used by a specific test
[0;35m[DEBUG][0m Profile option set: permfile (with value /etc/lilo.conf:rw-------:root:-:WARN:)
[0;35m[DEBUG][0m Ignoring configuration option, as it will be used by a specific test
[0;35m[DEBUG][0m Profile option set: permfile (with value /etc/motd:rw-r--r--:root:root:WARN:)
[0;35m[DEBUG][0m Ignoring configuration option, as it will be used by a specific test
[0;35m[DEBUG][0m Profile option set: permfile (with value /etc/passwd:rw-r--r--:root:-:WARN:)
[0;35m[DEBUG][0m Ignoring configuration option, as it will be used by a specific test
[0;35m[DEBUG][0m Profile option set: permfile (with value /etc/passwd-:rw-r--r--:root:-:WARN:)
[0;35m[DEBUG][0m Ignoring configuration option, as it will be used by a specific test
[0;35m[DEBUG][0m Profile option set: permfile (with value /etc/ssh/sshd_config:rw-------:root:-:WARN:)
[0;35m[DEBUG][0m Ignoring configuration option, as it will be used by a specific test
[0;35m[DEBUG][0m Profile option set: permfile (with value /etc/hosts.equiv:rw-r--r--:root:root:WARN:)
[0;35m[DEBUG][0m Ignoring configuration option, as it will be used by a specific test
[0;35m[DEBUG][0m Profile option set: permfile (with value /etc/shosts.equiv:rw-r--r--:root:root:WARN:)
[0;35m[DEBUG][0m Ignoring configuration option, as it will be used by a specific test
[0;35m[DEBUG][0m Profile option set: permfile (with value /root/.rhosts:rw-------:root:root:WARN:)
[0;35m[DEBUG][0m Ignoring configuration option, as it will be used by a specific test
[0;35m[DEBUG][0m Profile option set: permfile (with value /root/.rlogin:rw-------:root:root:WARN:)
[0;35m[DEBUG][0m Ignoring configuration option, as it will be used by a specific test
[0;35m[DEBUG][0m Profile option set: permfile (with value /root/.shosts:rw-------:root:root:WARN:)
[0;35m[DEBUG][0m Ignoring configuration option, as it will be used by a specific test
[0;35m[DEBUG][0m Profile option set: permdir (with value /root/.ssh:rwx------:root:-:WARN:)
[0;35m[DEBUG][0m Ignoring configuration option, as it will be used by a specific test
[0;35m[DEBUG][0m Profile option set: permdir (with value /etc/cron.d:rwx------:root:root:WARN:)
[0;35m[DEBUG][0m Ignoring configuration option, as it will be used by a specific test
[0;35m[DEBUG][0m Profile option set: permdir (with value /etc/cron.daily:rwx------:root:root:WARN:)
[0;35m[DEBUG][0m Ignoring configuration option, as it will be used by a specific test
[0;35m[DEBUG][0m Profile option set: permdir (with value /etc/cron.hourly:rwx------:root:root:WARN:)
[0;35m[DEBUG][0m Ignoring configuration option, as it will be used by a specific test
[0;35m[DEBUG][0m Profile option set: permdir (with value /etc/cron.weekly:rwx------:root:root:WARN:)
[0;35m[DEBUG][0m Ignoring configuration option, as it will be used by a specific test
[0;35m[DEBUG][0m Profile option set: permdir (with value /etc/cron.monthly:rwx------:root:root:WARN:)
[0;35m[DEBUG][0m Ignoring configuration option, as it will be used by a specific test
[0;35m[DEBUG][0m Profile option set: license-key (with value )
[0;35m[DEBUG][0m Profile option set: compliance-standards (with value cis,hipaa,iso27001,pci-dss)
[0;35m[DEBUG][0m Compliance scanning for CIS Benchmarks is enabled
[0;35m[DEBUG][0m Compliance scanning for HIPAA is enabled
[0;35m[DEBUG][0m Compliance scanning for ISO27001 is enabled
[0;35m[DEBUG][0m Compliance scanning for PCI DSS is enabled
[0;35m[DEBUG][0m Profile option set: upload (with value no)
[0;35m[DEBUG][0m Upload set to no
[0;35m[DEBUG][0m Profile option set: upload-server (with value )
[0;35m[DEBUG][0m Profile option set: upload-options (with value )
[2C- Checking profiles...[37C [ [1;32mDONE[0m ]
[0;35m[DEBUG][0m Result: found plugindir /etc/lynis/plugins

  ---------------------------------------------------
  Program version:           3.0.9
  Operating system:          Linux
  Operating system name:     Ubuntu
  Operating system version:  24.04
  Kernel version:            6.11.0
  Hardware platform:         x86_64
  Hostname:                  vex-ThinkPad-X1-Carbon-Gen-9
  ---------------------------------------------------
  Profiles:                  /etc/lynis/default.prf
  Log file:                  /var/log/lynis.log
  Report file:               /var/log/lynis-report.dat
  Report version:            1.0
  Plugin directory:          /etc/lynis/plugins
  ---------------------------------------------------
  Auditor:                   [Not Specified]
  Language:                  en
  Test category:             all
  Test group:                all
  ---------------------------------------------------
[2C- Program update status... [32C [ [1;32mNO UPDATE[0m ]

[+] [1;33mSystem tools[0m
------------------------------------
[2C- Scanning available tools...[30C
[2C- Checking system binaries...[30C
[0;35m[DEBUG][0m Testing if we are a notebook
[0;35m[DEBUG][0m System is a notebook according to laptop-detect

[+] [1;35mPlugins (phase 1)[0m
------------------------------------
[0CNote: plugins have more extensive tests and may take several minutes to complete[0C
[0C [0C
[2C- [0;36mPlugin[0m: [1;37mdebian[0m[21C
    [
[+] [1;33mDebian Tests[0m
------------------------------------
[2C- Checking for system binaries that are required by Debian Tests...[0C
[4C- Checking /bin... [38C [ [1;32mFOUND[0m ]
[4C- Checking /sbin... [37C [ [1;32mFOUND[0m ]
[4C- Checking /usr/bin... [34C [ [1;32mFOUND[0m ]
[4C- Checking /usr/sbin... [33C [ [1;32mFOUND[0m ]
[4C- Checking /usr/local/bin... [28C [ [1;32mFOUND[0m ]
[4C- Checking /usr/local/sbin... [27C [ [1;32mFOUND[0m ]
[2C- Authentication:[42C
[4C- PAM (Pluggable Authentication Modules):[16C

  [30;43m[WARNING][0m: Test DEB-0001 had a long execution: 10.400500 seconds[0m

[6C- libpam-tmpdir[40C [ [1;31mNot Installed[0m ]
[2C- File System Checks:[38C
[4C- DM-Crypt, Cryptsetup & Cryptmount:[21C
[2C- Software:[48C
[4C- apt-listbugs[43C [ [1;31mNot Installed[0m ]
[4C- apt-listchanges[40C [ [1;31mNot Installed[0m ]
[4C- needrestart[44C [ [1;31mNot Installed[0m ]
[4C- fail2ban[47C [ [1;31mNot Installed[0m ]
]

[+] [1;33mBoot and services[0m
------------------------------------
[2C- Service Manager[42C [ [1;32msystemd[0m ]
[2C- Checking UEFI boot[39C [ [1;32mENABLED[0m ]
[2C- Checking Secure Boot[37C [ [1;32mENABLED[0m ]
[2C- Checking presence GRUB2[34C [ [1;32mFOUND[0m ]
[4C- Checking for password protection[23C [ [1;31mNONE[0m ]
[2C- Check running services (systemctl)[23C [ [1;32mDONE[0m ]
[8CResult: found 37 running services[20C
[2C- Check enabled services at boot (systemctl)[15C [ [1;32mDONE[0m ]
[8CResult: found 57 enabled services[20C
[2C- Check startup files (permissions)[24C [ [1;32mOK[0m ]
[2C- Running 'systemd-analyze security'[23C
[8C- ModemManager.service:[30C [ [1;37mMEDIUM[0m ]
[8C- NetworkManager.service:[28C [ [1;33mEXPOSED[0m ]
[8C- accounts-daemon.service:[27C [ [1;37mMEDIUM[0m ]
[8C- alsa-state.service:[32C [ [1;31mUNSAFE[0m ]
[8C- anacron.service:[35C [ [1;31mUNSAFE[0m ]
[8C- apache-htcacheclean.service:[23C [ [1;31mUNSAFE[0m ]
[8C- apache2.service:[35C [ [1;31mUNSAFE[0m ]
[8C- avahi-daemon.service:[30C [ [1;31mUNSAFE[0m ]
[8C- bluetooth.service:[33C [ [1;37mMEDIUM[0m ]
[8C- bolt.service:[38C [ [1;37mMEDIUM[0m ]
[8C- colord.service:[36C [ [1;32mPROTECTED[0m ]
[8C- cron.service:[38C [ [1;31mUNSAFE[0m ]
[8C- cups-browsed.service:[30C [ [1;31mUNSAFE[0m ]
[8C- cups.service:[38C [ [1;31mUNSAFE[0m ]
[8C- dbus.service:[38C [ [1;31mUNSAFE[0m ]
[8C- dmesg.service:[37C [ [1;31mUNSAFE[0m ]
[8C- emergency.service:[33C [ [1;31mUNSAFE[0m ]
[8C- fwupd.service:[37C [ [1;33mEXPOSED[0m ]
[8C- gdm.service:[39C [ [1;31mUNSAFE[0m ]
[8C- getty@tty1.service:[32C [ [1;31mUNSAFE[0m ]
[8C- gnome-remote-desktop.service:[22C [ [1;31mUNSAFE[0m ]
[8C- kerneloops.service:[32C [ [1;31mUNSAFE[0m ]
[8C- lynis.service:[37C [ [1;31mUNSAFE[0m ]
[8C- networkd-dispatcher.service:[23C [ [1;31mUNSAFE[0m ]
[8C- packagekit.service:[32C [ [1;31mUNSAFE[0m ]
[8C- plymouth-start.service:[28C [ [1;31mUNSAFE[0m ]
[8C- polkit.service:[36C [ [1;32mPROTECTED[0m ]
[8C- power-profiles-daemon.service:[21C [ [1;37mMEDIUM[0m ]
[8C- rc-local.service:[34C [ [1;31mUNSAFE[0m ]
[8C- rescue.service:[36C [ [1;31mUNSAFE[0m ]
[8C- rsyslog.service:[35C [ [1;37mMEDIUM[0m ]
[8C- rtkit-daemon.service:[30C [ [1;37mMEDIUM[0m ]
[8C- snap.canonical-livepatch.canonical-livepatchd.service:[0C [ [1;31mUNSAFE[0m ]
[8C- snapd.service:[37C [ [1;31mUNSAFE[0m ]
[8C- sssd-autofs.service:[31C [ [1;31mUNSAFE[0m ]
[8C- sssd-nss.service:[34C [ [1;31mUNSAFE[0m ]
[8C- sssd-pac.service:[34C [ [1;31mUNSAFE[0m ]
[8C- sssd-pam.service:[34C [ [1;31mUNSAFE[0m ]
[8C- sssd-ssh.service:[34C [ [1;31mUNSAFE[0m ]
[8C- sssd-sudo.service:[33C [ [1;31mUNSAFE[0m ]
[8C- sssd.service:[38C [ [1;33mEXPOSED[0m ]
[8C- switcheroo-control.service:[24C [ [1;33mEXPOSED[0m ]
[8C- systemd-ask-password-console.service:[14C [ [1;31mUNSAFE[0m ]
[8C- systemd-ask-password-plymouth.service:[13C [ [1;31mUNSAFE[0m ]
[8C- systemd-ask-password-wall.service:[17C [ [1;31mUNSAFE[0m ]
[8C- systemd-bsod.service:[30C [ [1;31mUNSAFE[0m ]
[8C- systemd-fsckd.service:[29C [ [1;31mUNSAFE[0m ]
[8C- systemd-initctl.service:[27C [ [1;31mUNSAFE[0m ]
[8C- systemd-journald.service:[26C [ [1;32mPROTECTED[0m ]
[8C- systemd-logind.service:[28C [ [1;32mPROTECTED[0m ]
[8C- systemd-networkd.service:[26C [ [1;32mPROTECTED[0m ]
[8C- systemd-oomd.service:[30C [ [1;32mPROTECTED[0m ]
[8C- systemd-resolved.service:[26C [ [1;32mPROTECTED[0m ]
[8C- systemd-rfkill.service:[28C [ [1;31mUNSAFE[0m ]
[8C- systemd-timesyncd.service:[25C [ [1;32mPROTECTED[0m ]
[8C- systemd-udevd.service:[29C [ [1;37mMEDIUM[0m ]
[8C- thermald.service:[34C [ [1;31mUNSAFE[0m ]
[8C- tpm-udev.service:[34C [ [1;31mUNSAFE[0m ]
[8C- ubuntu-advantage.service:[26C [ [1;31mUNSAFE[0m ]
[8C- udisks2.service:[35C [ [1;31mUNSAFE[0m ]
[8C- unattended-upgrades.service:[23C [ [1;31mUNSAFE[0m ]
[8C- upower.service:[36C [ [1;32mPROTECTED[0m ]
[8C- user@1000.service:[33C [ [1;31mUNSAFE[0m ]
[8C- uuidd.service:[37C [ [1;37mMEDIUM[0m ]
[8C- whoopsie.service:[34C [ [1;31mUNSAFE[0m ]
[8C- wpa_supplicant.service:[28C [ [1;31mUNSAFE[0m ]

[+] [1;33mKernel[0m
------------------------------------
[2C- Checking default run level[31C [ [1;32mRUNLEVEL 5[0m ]
[2C- Checking CPU support (NX/PAE)[28C
[4CCPU support: PAE and/or NoeXecute supported[14C [ [1;32mFOUND[0m ]
[2C- Checking kernel version and release[22C [ [1;32mDONE[0m ]
[2C- Checking kernel type[37C [ [1;32mDONE[0m ]
[2C- Checking loaded kernel modules[27C [ [1;32mDONE[0m ]
[6CFound 199 active modules[31C
[2C- Checking Linux kernel configuration file[17C [ [1;32mFOUND[0m ]
[2C- Checking default I/O kernel scheduler[20C [ [1;37mNOT FOUND[0m ]
[2C- Checking for available kernel update[21C [ [1;32mOK[0m ]
[2C- Checking core dumps configuration[24C
[4C- configuration in systemd conf files[20C [ [1;37mDEFAULT[0m ]
[4C- configuration in /etc/profile[26C [ [1;37mDEFAULT[0m ]
[4C- 'hard' configuration in /etc/security/limits.conf[6C [ [1;37mDEFAULT[0m ]
[4C- 'soft' configuration in /etc/security/limits.conf[6C [ [1;37mDEFAULT[0m ]
[4C- Checking setuid core dumps configuration[15C [ [1;37mPROTECTED[0m ]
[2C- Check if reboot is needed[32C [ [1;32mNO[0m ]

[+] [1;33mMemory and Processes[0m
------------------------------------
[2C- Checking /proc/meminfo[35C [ [1;32mFOUND[0m ]
[2C- Searching for dead/zombie processes[22C [ [1;32mNOT FOUND[0m ]
[2C- Searching for IO waiting processes[23C [ [1;32mNOT FOUND[0m ]
[2C- Search prelink tooling[35C [ [1;32mNOT FOUND[0m ]

[+] [1;33mUsers, Groups and Authentication[0m
------------------------------------
[2C- Administrator accounts[35C [ [1;32mOK[0m ]
[2C- Unique UIDs[46C [ [1;32mOK[0m ]
[2C- Consistency of group files (grpck)[23C [ [1;32mOK[0m ]
[2C- Unique group IDs[41C [ [1;32mOK[0m ]
[2C- Unique group names[39C [ [1;32mOK[0m ]
[2C- Password file consistency[32C [ [1;32mOK[0m ]
[2C- Password hashing methods[33C [ [1;33mSUGGESTION[0m ]
[2C- Checking password hashing rounds[25C [ [1;33mDISABLED[0m ]
[2C- Query system users (non daemons)[25C [ [1;32mDONE[0m ]
[2C- NIS+ authentication support[30C [ [1;37mNOT ENABLED[0m ]
[2C- NIS authentication support[31C [ [1;37mNOT ENABLED[0m ]
[2C- Sudoers file(s)[42C [ [1;32mFOUND[0m ]
[4C- Permissions for directory: /etc/sudoers.d[14C [ [1;31mWARNING[0m ]
[4C- Permissions for: /etc/sudoers[26C [ [1;32mOK[0m ]
[4C- Permissions for: /etc/sudoers.d/README[17C [ [1;32mOK[0m ]
[2C- PAM password strength tools[30C [ [1;32mOK[0m ]
[2C- PAM configuration files (pam.conf)[23C [ [1;32mFOUND[0m ]
[2C- PAM configuration files (pam.d)[26C [ [1;32mFOUND[0m ]
[2C- PAM modules[46C [ [1;32mFOUND[0m ]
[2C- LDAP module in PAM[39C [ [1;37mNOT FOUND[0m ]
[2C- Accounts without expire date[29C [ [1;33mSUGGESTION[0m ]
[2C- Accounts without password[32C [ [1;32mOK[0m ]
[2C- Locked accounts[42C [ [1;32mOK[0m ]
[2C- Checking user password aging (minimum)[19C [ [1;33mDISABLED[0m ]
[2C- User password aging (maximum)[28C [ [1;33mDISABLED[0m ]
[2C- Checking expired passwords[31C [ [1;32mOK[0m ]
[2C- Checking Linux single user mode authentication[11C [ [1;32mOK[0m ]
[2C- Determining default umask[32C
[4C- umask (/etc/profile)[35C [ [1;33mNOT FOUND[0m ]
[4C- umask (/etc/login.defs)[32C [ [1;33mSUGGESTION[0m ]
[2C- LDAP authentication support[30C [ [1;37mNOT ENABLED[0m ]
[2C- Logging failed login attempts[28C [ [1;32mENABLED[0m ]

[+] [1;33mShells[0m
------------------------------------
[2C- Checking shells from /etc/shells[25C
[4CResult: found 7 shells (valid shells: 7).[16C
[4C- Session timeout settings/tools[25C [ [1;33mNONE[0m ]
[2C- Checking default umask values[28C
[4C- Checking default umask in /etc/bash.bashrc[13C [ [1;33mNONE[0m ]
[4C- Checking default umask in /etc/profile[17C [ [1;33mNONE[0m ]

[+] [1;33mFile systems[0m
------------------------------------
[2C- Checking mount points[36C
[4C- Checking /home mount point[29C [ [1;33mSUGGESTION[0m ]
[4C- Checking /tmp mount point[30C [ [1;33mSUGGESTION[0m ]
[4C- Checking /var mount point[30C [ [1;33mSUGGESTION[0m ]
[2C- Query swap partitions (fstab)[28C [ [1;32mOK[0m ]
[2C- Testing swap partitions[34C [ [1;32mOK[0m ]
[2C- Testing /proc mount (hidepid)[28C [ [1;33mSUGGESTION[0m ]
[2C- Checking for old files in /tmp[27C [ [1;32mOK[0m ]
[2C- Checking /tmp sticky bit[33C [ [1;32mOK[0m ]
[2C- Checking /var/tmp sticky bit[29C [ [1;32mOK[0m ]
[2C- ACL support root file system[29C [ [1;32mENABLED[0m ]
[2C- Mount options of /[39C [ [1;32mOK[0m ]
[2C- Mount options of /dev[36C [ [1;33mPARTIALLY HARDENED[0m ]
[2C- Mount options of /dev/shm[32C [ [1;33mPARTIALLY HARDENED[0m ]
[2C- Mount options of /run[36C [ [1;32mHARDENED[0m ]
[2C- Total without nodev:10 noexec:28 nosuid:22 ro or noexec (W^X): 14 of total 45[0C
[2C- Disable kernel support of some filesystems[15C
[0;35m[DEBUG][0m Module cramfs present in the kernel
[6C- Module cramfs not loaded (lsmod)[21C [ [1;32mOK[0m ]
[0;35m[DEBUG][0m Module freevxfs present in the kernel
[6C- Module freevxfs not loaded (lsmod)[19C [ [1;32mOK[0m ]
[0;35m[DEBUG][0m Module hfs present in the kernel
[6C- Module hfs not loaded (lsmod)[24C [ [1;32mOK[0m ]
[0;35m[DEBUG][0m Module hfsplus present in the kernel
[6C- Module hfsplus not loaded (lsmod)[20C [ [1;32mOK[0m ]
[0;35m[DEBUG][0m Module jffs2 present in the kernel
[6C- Module jffs2 not loaded (lsmod)[22C [ [1;32mOK[0m ]
[6C- Module squashfs not present in the kernel[12C [ [1;32mOK[0m ]
[0;35m[DEBUG][0m Module udf present in the kernel
[6C- Module udf not loaded (lsmod)[24C [ [1;32mOK[0m ]

[+] [1;33mUSB Devices[0m
------------------------------------
[2C- Checking usb-storage driver (modprobe config)[12C [ [1;37mNOT DISABLED[0m ]
[2C- Checking USB devices authorization[23C [ [1;33mENABLED[0m ]
[2C- Checking USBGuard[40C [ [1;37mNOT FOUND[0m ]

[+] [1;33mStorage[0m
------------------------------------
[2C- Checking firewire ohci driver (modprobe config)[10C [ [1;32mDISABLED[0m ]

[+] [1;33mNFS[0m
------------------------------------
[2C- Check running NFS daemon[33C [ [1;37mNOT FOUND[0m ]

[+] [1;33mName services[0m
------------------------------------
[2C- Checking search domains[34C [ [1;32mFOUND[0m ]
[2C- Checking /etc/resolv.conf options[24C [ [1;32mFOUND[0m ]
[2C- Searching DNS domain name[32C [ [1;33mUNKNOWN[0m ]
[2C- Checking /etc/hosts[38C
[4C- Duplicate entries in hosts file[24C [ [1;32mNONE[0m ]
[4C- Presence of configured hostname in /etc/hosts[10C [ [1;32mFOUND[0m ]
[4C- Hostname mapped to localhost[27C [ [1;32mNOT FOUND[0m ]
[4C- Localhost mapping to IP address[24C [ [1;32mOK[0m ]

[+] [1;33mPorts and packages[0m
------------------------------------
[2C- Searching package managers[31C
[4C- Searching dpkg package manager[25C [ [1;32mFOUND[0m ]
[6C- Querying package manager[29C
[4C- Query unpurged packages[32C [ [1;32mNONE[0m ]
[2C- Checking security repository in sources.list.d directory[1C [ [1;32mOK[0m ]
[2C- Checking APT package database[28C [ [1;32mOK[0m ]
[2C- Checking vulnerable packages[29C [ [1;32mOK[0m ]
[2C- Checking upgradeable packages[28C [ [1;37mSKIPPED[0m ]
[2C- Checking package audit tool[30C [ [1;32mINSTALLED[0m ]
[4CFound: apt-check[41C
[2C- Toolkit for automatic upgrades (unattended-upgrade)[6C [ [1;32mFOUND[0m ]

[+] [1;33mNetworking[0m
------------------------------------
[2C- Checking IPv6 configuration[30C [ [1;37mENABLED[0m ]
[6CConfiguration method[35C [ [1;37mAUTO[0m ]
[6CIPv6 only[46C [ [1;37mNO[0m ]
[2C- Checking configured nameservers[26C
[4C- Testing nameservers[36C
[8CNameserver: 127.0.0.53[31C [ [1;32mOK[0m ]
[4C- DNSSEC supported (systemd-resolved)[20C [ [1;31mUNKNOWN[0m ]
[2C- Getting listening ports (TCP/UDP)[24C [ [1;32mDONE[0m ]
[2C- Checking promiscuous interfaces[26C [ [1;32mOK[0m ]
[2C- Checking status DHCP client[30C
[2C- Checking for ARP monitoring software[21C [ [1;33mNOT FOUND[0m ]
[2C- Uncommon network protocols[31C [ [1;33m0[0m ]

[+] [1;33mPrinters and Spools[0m
------------------------------------
[2C- Checking cups daemon[37C [ [1;32mRUNNING[0m ]
[2C- Checking CUPS configuration file[25C [ [1;32mOK[0m ]
[4C- File permissions[39C [ [1;31mWARNING[0m ]
[2C- Checking CUPS addresses/sockets[26C [ [1;32mFOUND[0m ]
[2C- Checking lp daemon[39C [ [1;37mNOT RUNNING[0m ]

[+] [1;33mSoftware: e-mail and messaging[0m
------------------------------------

[+] [1;33mSoftware: firewalls[0m
------------------------------------
[2C- Checking iptables kernel module[26C [ [1;32mFOUND[0m ]
[4C- Checking iptables policies of chains[19C [ [1;32mFOUND[0m ]
[4C- Checking for empty ruleset[29C [ [1;31mWARNING[0m ]
[4C- Checking for unused rules[30C [ [1;32mOK[0m ]
[2C- Checking host based firewall[29C [ [1;32mACTIVE[0m ]

[+] [1;33mSoftware: webserver[0m
------------------------------------
[2C- Checking Apache (binary /usr/sbin/apache2)[15C [ [1;32mFOUND[0m ]
[6CInfo: Configuration file found (/etc/apache2/apache2.conf)[0C
[6CInfo: No virtual hosts found[27C
[4C* Loadable modules[39C [ [1;32mFOUND (118)[0m ]
[8C- Found 118 loadable modules[25C
[10Cmod_evasive: anti-DoS/brute force[18C [ [1;37mNOT FOUND[0m ]
[10Cmod_reqtimeout/mod_qos[29C [ [1;32mFOUND[0m ]
[10CModSecurity: web application firewall[14C [ [1;37mNOT FOUND[0m ]
[2C- Checking nginx[43C [ [1;37mNOT FOUND[0m ]

[+] [1;33mSSH Support[0m
------------------------------------
[2C- Checking running SSH daemon[30C [ [1;37mNOT FOUND[0m ]

[+] [1;33mSNMP Support[0m
------------------------------------
[2C- Checking running SNMP daemon[29C [ [1;37mNOT FOUND[0m ]

[+] [1;33mDatabases[0m
------------------------------------
[2C- MySQL process status[37C [ [1;37mNOT FOUND[0m ] [[0;35mDEBUG[0m]
[2C- PostgreSQL processes status[30C [ [1;32mFOUND[0m ]
[2C- Oracle processes status[34C [ [1;37mNOT FOUND[0m ] [[0;35mDEBUG[0m]
[2C- DB2 instance running[37C [ [1;37mNOT FOUND[0m ] [[0;35mDEBUG[0m]
[2C- Redis (server) status[36C [ [1;37mNOT FOUND[0m ] [[0;35mDEBUG[0m]

[+] [1;33mLDAP Services[0m
------------------------------------
[2C- Checking OpenLDAP instance[31C [ [1;37mNOT FOUND[0m ]

[+] [1;33mPHP[0m
------------------------------------
[2C- Checking PHP[45C [ [1;37mNOT FOUND[0m ]
[0;35m[DEBUG][0m Skipping test: php.ini not found, or PHP version empty
[0;35m[DEBUG][0m php.ini: 
[0;35m[DEBUG][0m version: 

[+] [1;33mSquid Support[0m
------------------------------------
[2C- Checking running Squid daemon[28C [ [1;37mNOT FOUND[0m ]

[+] [1;33mLogging and files[0m
------------------------------------
[2C- Checking for a running log daemon[24C [ [1;32mOK[0m ]
[4C- Checking Syslog-NG status[30C [ [1;37mNOT FOUND[0m ]
[4C- Checking systemd journal status[24C [ [1;32mFOUND[0m ]
[4C- Checking Metalog status[32C [ [1;37mNOT FOUND[0m ]
[4C- Checking RSyslog status[32C [ [1;32mFOUND[0m ]
[4C- Checking RFC 3195 daemon status[24C [ [1;37mNOT FOUND[0m ]
[4C- Checking minilogd instances[28C [ [1;37mNOT FOUND[0m ]
[2C- Checking logrotate presence[30C [ [1;32mOK[0m ]
[2C- Checking remote logging[34C [ [1;33mNOT ENABLED[0m ]
[2C- Checking log directories (static list)[19C [ [1;32mDONE[0m ]
[2C- Checking open log files[34C [ [1;32mDONE[0m ]
[2C- Checking deleted files in use[28C [ [1;33mFILES FOUND[0m ]

[+] [1;33mInsecure services[0m
------------------------------------
[2C- Installed inetd package[34C [ [1;32mNOT FOUND[0m ]
[2C- Installed xinetd package[33C [ [1;32mOK[0m ]
[4C- xinetd status[42C
[2C- Installed rsh client package[29C [ [1;32mOK[0m ]
[2C- Installed rsh server package[29C [ [1;32mOK[0m ]
[2C- Installed telnet client package[26C [ [1;32mOK[0m ]
[2C- Installed telnet server package[26C [ [1;32mNOT FOUND[0m ]
[2C- Checking NIS client installation[25C [ [1;32mOK[0m ]
[2C- Checking NIS server installation[25C [ [1;32mOK[0m ]
[2C- Checking TFTP client installation[24C [ [1;32mOK[0m ]
[2C- Checking TFTP server installation[24C [ [1;32mOK[0m ]

[+] [1;33mBanners and identification[0m
------------------------------------
[2C- /etc/issue[47C [ [1;32mFOUND[0m ]
[4C- /etc/issue contents[36C [ [1;33mWEAK[0m ]
[2C- /etc/issue.net[43C [ [1;32mFOUND[0m ]
[4C- /etc/issue.net contents[32C [ [1;33mWEAK[0m ]

[+] [1;33mScheduled tasks[0m
------------------------------------
[2C- Checking crontab and cronjob files[23C [ [1;32mDONE[0m ]

[+] [1;33mAccounting[0m
------------------------------------
[2C- Checking accounting information[26C [ [1;33mNOT FOUND[0m ]
[2C- Checking sysstat accounting data[25C [ [1;37mDISABLED[0m ]
[2C- Checking auditd[42C [ [1;37mNOT FOUND[0m ]

[+] [1;33mTime and Synchronization[0m
------------------------------------
[2C- NTP daemon found: systemd (timesyncd)[20C [ [1;32mFOUND[0m ]
[2C- Checking for a running NTP daemon or client[14C [ [1;32mOK[0m ]
[2C- Last time synchronization[32C [ [1;31m53034s[0m ]

[+] [1;33mCryptography[0m
------------------------------------
[2C- Checking for expired SSL certificates [0/151][12C [ [1;32mNONE[0m ]

  [30;43m[WARNING][0m: Test CRYP-7902 had a long execution: 36.244584 seconds[0m

[2C- Kernel entropy is sufficient[29C [ [1;32mYES[0m ]
[2C- HW RNG & rngd[44C [ [1;33mNO[0m ]
[2C- SW prng[50C [ [1;33mNO[0m ]
[2CMOR-bit set[48C [ [1;32mYES[0m ]

[+] [1;33mVirtualization[0m
------------------------------------

[+] [1;33mContainers[0m
------------------------------------

[+] [1;33mSecurity frameworks[0m
------------------------------------
[2C- Checking presence AppArmor[31C [ [1;32mFOUND[0m ]
[4C- Checking AppArmor status[31C [ [1;32mENABLED[0m ]
[8CFound 140 unconfined processes[23C
[2C- Checking presence SELinux[32C [ [1;37mNOT FOUND[0m ]
[2C- Checking presence TOMOYO Linux[27C [ [1;37mNOT FOUND[0m ]
[2C- Checking presence grsecurity[29C [ [1;37mNOT FOUND[0m ]
[2C- Checking for implemented MAC framework[19C [ [1;32mOK[0m ]

[+] [1;33mSoftware: file integrity[0m
------------------------------------
[2C- Checking file integrity tools[28C
[2C- Checking presence integrity tool[25C [ [1;33mNOT FOUND[0m ]

[+] [1;33mSoftware: System tooling[0m
------------------------------------
[2C- Checking automation tooling[30C
[2C- Automation tooling[39C [ [1;33mNOT FOUND[0m ]
[2C- Checking for IDS/IPS tooling[29C [ [1;33mNONE[0m ]

[+] [1;33mSoftware: Malware[0m
------------------------------------
[2C- Malware software components[30C [ [1;33mNOT FOUND[0m ]

[+] [1;33mFile Permissions[0m
------------------------------------
[2C- Starting file permissions check[26C
[4CFile: /boot/grub/grub.cfg[32C [ [1;32mOK[0m ]
[4CFile: /etc/crontab[39C [ [1;33mSUGGESTION[0m ]
[4CFile: /etc/group[41C [ [1;32mOK[0m ]
[4CFile: /etc/group-[40C [ [1;32mOK[0m ]
[4CFile: /etc/hosts.allow[35C [ [1;32mOK[0m ]
[4CFile: /etc/hosts.deny[36C [ [1;32mOK[0m ]
[4CFile: /etc/issue[41C [ [1;32mOK[0m ]
[4CFile: /etc/issue.net[37C [ [1;32mOK[0m ]
[4CFile: /etc/passwd[40C [ [1;32mOK[0m ]
[4CFile: /etc/passwd-[39C [ [1;32mOK[0m ]
[4CDirectory: /root/.ssh[36C [ [1;32mOK[0m ]
[4CDirectory: /etc/cron.d[35C [ [1;33mSUGGESTION[0m ]
[4CDirectory: /etc/cron.daily[31C [ [1;33mSUGGESTION[0m ]
[4CDirectory: /etc/cron.hourly[30C [ [1;33mSUGGESTION[0m ]
[4CDirectory: /etc/cron.weekly[30C [ [1;33mSUGGESTION[0m ]
[4CDirectory: /etc/cron.monthly[29C [ [1;33mSUGGESTION[0m ]

[+] [1;33mHome directories[0m
------------------------------------
[2C- Permissions of home directories[26C [ [1;32mOK[0m ]
[2C- Ownership of home directories[28C [ [1;32mOK[0m ]
[2C- Checking shell history files[29C [ [1;32mOK[0m ]

[+] [1;33mKernel Hardening[0m
------------------------------------
[2C- Comparing sysctl key pairs with scan profile[13C
[4C- dev.tty.ldisc_autoload (exp: 0)[24C [ [1;31mDIFFERENT[0m ]
[4C- fs.protected_fifos (exp: 2)[28C [ [1;31mDIFFERENT[0m ]
[4C- fs.protected_hardlinks (exp: 1)[24C [ [1;32mOK[0m ]
[4C- fs.protected_regular (exp: 2)[26C [ [1;32mOK[0m ]
[4C- fs.protected_symlinks (exp: 1)[25C [ [1;32mOK[0m ]
[4C- fs.suid_dumpable (exp: 0)[30C [ [1;31mDIFFERENT[0m ]
[4C- kernel.core_uses_pid (exp: 1)[26C [ [1;31mDIFFERENT[0m ]
[4C- kernel.ctrl-alt-del (exp: 0)[27C [ [1;32mOK[0m ]
[4C- kernel.dmesg_restrict (exp: 1)[25C [ [1;32mOK[0m ]
[4C- kernel.kptr_restrict (exp: 2)[26C [ [1;31mDIFFERENT[0m ]
[4C- kernel.modules_disabled (exp: 1)[23C [ [1;31mDIFFERENT[0m ]
[4C- kernel.perf_event_paranoid (exp: 3)[20C [ [1;31mDIFFERENT[0m ]
[4C- kernel.randomize_va_space (exp: 2)[21C [ [1;32mOK[0m ]
[4C- kernel.sysrq (exp: 0)[34C [ [1;31mDIFFERENT[0m ]
[4C- kernel.unprivileged_bpf_disabled (exp: 1)[14C [ [1;31mDIFFERENT[0m ]
[4C- kernel.yama.ptrace_scope (exp: 1 2 3)[18C [ [1;32mOK[0m ]
[4C- net.core.bpf_jit_harden (exp: 2)[23C [ [1;31mDIFFERENT[0m ]
[4C- net.ipv4.conf.all.accept_redirects (exp: 0)[12C [ [1;31mDIFFERENT[0m ]
[4C- net.ipv4.conf.all.accept_source_route (exp: 0)[9C [ [1;32mOK[0m ]
[4C- net.ipv4.conf.all.bootp_relay (exp: 0)[17C [ [1;32mOK[0m ]
[4C- net.ipv4.conf.all.forwarding (exp: 0)[18C [ [1;32mOK[0m ]
[4C- net.ipv4.conf.all.log_martians (exp: 1)[16C [ [1;31mDIFFERENT[0m ]
[4C- net.ipv4.conf.all.mc_forwarding (exp: 0)[15C [ [1;32mOK[0m ]
[4C- net.ipv4.conf.all.proxy_arp (exp: 0)[19C [ [1;32mOK[0m ]
[4C- net.ipv4.conf.all.rp_filter (exp: 1)[19C [ [1;31mDIFFERENT[0m ]
[4C- net.ipv4.conf.all.send_redirects (exp: 0)[14C [ [1;31mDIFFERENT[0m ]
[4C- net.ipv4.conf.default.accept_redirects (exp: 0)[8C [ [1;31mDIFFERENT[0m ]
[4C- net.ipv4.conf.default.accept_source_route (exp: 0)[5C [ [1;31mDIFFERENT[0m ]
[4C- net.ipv4.conf.default.log_martians (exp: 1)[12C [ [1;31mDIFFERENT[0m ]
[4C- net.ipv4.icmp_echo_ignore_broadcasts (exp: 1)[10C [ [1;32mOK[0m ]
[4C- net.ipv4.icmp_ignore_bogus_error_responses (exp: 1)[4C [ [1;32mOK[0m ]
[4C- net.ipv4.tcp_syncookies (exp: 1)[23C [ [1;32mOK[0m ]
[4C- net.ipv4.tcp_timestamps (exp: 0 1)[21C [ [1;32mOK[0m ]
[4C- net.ipv6.conf.all.accept_redirects (exp: 0)[12C [ [1;31mDIFFERENT[0m ]
[4C- net.ipv6.conf.all.accept_source_route (exp: 0)[9C [ [1;32mOK[0m ]
[4C- net.ipv6.conf.default.accept_redirects (exp: 0)[8C [ [1;31mDIFFERENT[0m ]
[4C- net.ipv6.conf.default.accept_source_route (exp: 0)[5C [ [1;32mOK[0m ]

[+] [1;33mHardening[0m
------------------------------------
[4C- Installed compiler(s)[34C [ [1;31mFOUND[0m ]
[4C- Installed malware scanner[30C [ [1;31mNOT FOUND[0m ]
[4C- Non-native binary formats[30C [ [1;31mFOUND[0m ]

[+] [1;33mCustom tests[0m
------------------------------------
[2C- Running custom tests... [33C [ [1;37mNONE[0m ]

[+] [1;35mPlugins (phase 2)[0m
------------------------------------

================================================================================

  -[ [1;37mLynis 3.0.9 Results[0m ]-

  [1;31mWarnings[0m (2):
  [1;37m----------------------------[0m
  [1;31m![0m iptables module(s) loaded, but no rules active [FIRE-4512] 
      https://cisofy.com/lynis/controls/FIRE-4512/

  [1;31m![0m systemd-timesyncd did not synchronized the time recently. [TIME-3185] 
      https://cisofy.com/lynis/controls/TIME-3185/

  [1;33mSuggestions[0m (42):
  [1;37m----------------------------[0m
  [1;33m*[0m This release is more than 4 months old. Check the website or GitHub to see if there is an update available. [LYNIS] 
      [0;37mhttps://cisofy.com/lynis/controls/LYNIS/[0m

  [1;33m*[0m Install libpam-tmpdir to set $TMP and $TMPDIR for PAM sessions [DEB-0280] 
      [0;37mhttps://cisofy.com/lynis/controls/DEB-0280/[0m

  [1;33m*[0m Install apt-listbugs to display a list of critical bugs prior to each APT installation. [DEB-0810] 
      [0;37mhttps://cisofy.com/lynis/controls/DEB-0810/[0m

  [1;33m*[0m Install apt-listchanges to display any significant changes prior to any upgrade via APT. [DEB-0811] 
      [0;37mhttps://cisofy.com/lynis/controls/DEB-0811/[0m

  [1;33m*[0m Install needrestart, alternatively to debian-goodies, so that you can run needrestart after upgrades to determine which daemons are using old versions of libraries and need restarting. [DEB-0831] 
      [0;37mhttps://cisofy.com/lynis/controls/DEB-0831/[0m

  [1;33m*[0m Install fail2ban to automatically ban hosts that commit multiple authentication errors. [DEB-0880] 
      [0;37mhttps://cisofy.com/lynis/controls/DEB-0880/[0m

  [1;33m*[0m Set a password on GRUB boot loader to prevent altering boot configuration (e.g. boot in single user mode without password) [BOOT-5122] 
      [0;37mhttps://cisofy.com/lynis/controls/BOOT-5122/[0m

  [1;33m*[0m Consider hardening system services [BOOT-5264] 
    - Details  : [0;36mRun '/usr/bin/systemd-analyze security SERVICE' for each service[0m
      [0;37mhttps://cisofy.com/lynis/controls/BOOT-5264/[0m

  [1;33m*[0m If not required, consider explicit disabling of core dump in /etc/security/limits.conf file [KRNL-5820] 
      [0;37mhttps://cisofy.com/lynis/controls/KRNL-5820/[0m

  [1;33m*[0m Check PAM configuration, add rounds if applicable and expire passwords to encrypt with new values [AUTH-9229] 
      [0;37mhttps://cisofy.com/lynis/controls/AUTH-9229/[0m

  [1;33m*[0m Configure password hashing rounds in /etc/login.defs [AUTH-9230] 
      [0;37mhttps://cisofy.com/lynis/controls/AUTH-9230/[0m

  [1;33m*[0m When possible set expire dates for all password protected accounts [AUTH-9282] 
      [0;37mhttps://cisofy.com/lynis/controls/AUTH-9282/[0m

  [1;33m*[0m Configure minimum password age in /etc/login.defs [AUTH-9286] 
      [0;37mhttps://cisofy.com/lynis/controls/AUTH-9286/[0m

  [1;33m*[0m Configure maximum password age in /etc/login.defs [AUTH-9286] 
      [0;37mhttps://cisofy.com/lynis/controls/AUTH-9286/[0m

  [1;33m*[0m Default umask in /etc/login.defs could be more strict like 027 [AUTH-9328] 
      [0;37mhttps://cisofy.com/lynis/controls/AUTH-9328/[0m

  [1;33m*[0m To decrease the impact of a full /home file system, place /home on a separate partition [FILE-6310] 
      [0;37mhttps://cisofy.com/lynis/controls/FILE-6310/[0m

  [1;33m*[0m To decrease the impact of a full /tmp file system, place /tmp on a separate partition [FILE-6310] 
      [0;37mhttps://cisofy.com/lynis/controls/FILE-6310/[0m

  [1;33m*[0m To decrease the impact of a full /var file system, place /var on a separate partition [FILE-6310] 
      [0;37mhttps://cisofy.com/lynis/controls/FILE-6310/[0m

  [1;33m*[0m Disable drivers like USB storage when not used, to prevent unauthorized storage or data theft [USB-1000] 
      [0;37mhttps://cisofy.com/lynis/controls/USB-1000/[0m

  [1;33m*[0m Check DNS configuration for the dns domain name [NAME-4028] 
      [0;37mhttps://cisofy.com/lynis/controls/NAME-4028/[0m

  [1;33m*[0m Install debsums utility for the verification of packages with known good database. [PKGS-7370] 
      [0;37mhttps://cisofy.com/lynis/controls/PKGS-7370/[0m

  [1;33m*[0m Install package apt-show-versions for patch management purposes [PKGS-7394] 
      [0;37mhttps://cisofy.com/lynis/controls/PKGS-7394/[0m

  [1;33m*[0m Determine if protocol 'dccp' is really needed on this system [NETW-3200] 
      [0;37mhttps://cisofy.com/lynis/controls/NETW-3200/[0m

  [1;33m*[0m Determine if protocol 'sctp' is really needed on this system [NETW-3200] 
      [0;37mhttps://cisofy.com/lynis/controls/NETW-3200/[0m

  [1;33m*[0m Determine if protocol 'rds' is really needed on this system [NETW-3200] 
      [0;37mhttps://cisofy.com/lynis/controls/NETW-3200/[0m

  [1;33m*[0m Determine if protocol 'tipc' is really needed on this system [NETW-3200] 
      [0;37mhttps://cisofy.com/lynis/controls/NETW-3200/[0m

  [1;33m*[0m Access to CUPS configuration could be more strict. [PRNT-2307] 
      [0;37mhttps://cisofy.com/lynis/controls/PRNT-2307/[0m

  [1;33m*[0m Install Apache mod_evasive to guard webserver against DoS/brute force attempts [HTTP-6640] 
      [0;37mhttps://cisofy.com/lynis/controls/HTTP-6640/[0m

  [1;33m*[0m Install Apache modsecurity to guard webserver against web application attacks [HTTP-6643] 
      [0;37mhttps://cisofy.com/lynis/controls/HTTP-6643/[0m

  [1;33m*[0m Enable logging to an external logging host for archiving purposes and additional protection [LOGG-2154] 
      [0;37mhttps://cisofy.com/lynis/controls/LOGG-2154/[0m

  [1;33m*[0m Check what deleted files are still in use and why. [LOGG-2190] 
      [0;37mhttps://cisofy.com/lynis/controls/LOGG-2190/[0m

  [1;33m*[0m Add a legal banner to /etc/issue, to warn unauthorized users [BANN-7126] 
      [0;37mhttps://cisofy.com/lynis/controls/BANN-7126/[0m

  [1;33m*[0m Add legal banner to /etc/issue.net, to warn unauthorized users [BANN-7130] 
      [0;37mhttps://cisofy.com/lynis/controls/BANN-7130/[0m

  [1;33m*[0m Enable process accounting [ACCT-9622] 
      [0;37mhttps://cisofy.com/lynis/controls/ACCT-9622/[0m

  [1;33m*[0m Enable sysstat to collect accounting (disabled) [ACCT-9626] 
      [0;37mhttps://cisofy.com/lynis/controls/ACCT-9626/[0m

  [1;33m*[0m Enable auditd to collect audit information [ACCT-9628] 
      [0;37mhttps://cisofy.com/lynis/controls/ACCT-9628/[0m

  [1;33m*[0m Install a file integrity tool to monitor changes to critical and sensitive files [FINT-4350] 
      [0;37mhttps://cisofy.com/lynis/controls/FINT-4350/[0m

  [1;33m*[0m Determine if automation tools are present for system management [TOOL-5002] 
      [0;37mhttps://cisofy.com/lynis/controls/TOOL-5002/[0m

  [1;33m*[0m Consider restricting file permissions [FILE-7524] 
    - Details  : [0;36mSee screen output or log file[0m
    - Solution : Use chmod to change file permissions
      [0;37mhttps://cisofy.com/lynis/controls/FILE-7524/[0m

  [1;33m*[0m One or more sysctl values differ from the scan profile and could be tweaked [KRNL-6000] 
    - Solution : Change sysctl value or disable test (skip-test=KRNL-6000:<sysctl-key>)
      [0;37mhttps://cisofy.com/lynis/controls/KRNL-6000/[0m

  [1;33m*[0m Harden compilers like restricting access to root user only [HRDN-7222] 
      [0;37mhttps://cisofy.com/lynis/controls/HRDN-7222/[0m

  [1;33m*[0m Harden the system by installing at least one malware scanner, to perform periodic file system scans [HRDN-7230] 
    - Solution : Install a tool like rkhunter, chkrootkit, OSSEC
      [0;37mhttps://cisofy.com/lynis/controls/HRDN-7230/[0m

  [0;36mFollow-up[0m:
  [1;37m----------------------------[0m
  [1;37m-[0m Show details of a test (lynis show details TEST-ID)
  [1;37m-[0m Check the logfile for all details (less /var/log/lynis.log)
  [1;37m-[0m Read security controls texts (https://cisofy.com)
  [1;37m-[0m Use --upload to upload data to central system (Lynis Enterprise users)

================================================================================

  [1;37mLynis security scan details[0m:

  [0;36mHardening index[0m : [1;37m63[0m [[1;33m############[0m        ]
  [0;36mTests performed[0m : [1;37m256[0m
  [0;36mPlugins enabled[0m : [1;37m1[0m

  [1;37mComponents[0m:
  - Firewall               [[1;32mV[0m]
  - Malware scanner        [[1;31mX[0m]

  [1;33mScan mode[0m:
  Normal [V]  Forensics [ ]  Integration [ ]  Pentest [ ]

  [1;33mLynis modules[0m:
  - Compliance status      [[1;33m?[0m]
  - Security audit         [[1;32mV[0m]
  - Vulnerability scan     [[1;32mV[0m]

  [1;33mFiles[0m:
  - Test and debug information      : [1;37m/var/log/lynis.log[0m
  - Report data                     : [1;37m/var/log/lynis-report.dat[0m

================================================================================

  [1;37mLynis[0m 3.0.9

  Auditing, system hardening, and compliance for UNIX-based systems
  (Linux, macOS, BSD, and others)

  2007-2021, CISOfy - https://cisofy.com/lynis/
  [1;37mEnterprise support available (compliance, plugins, interface and tools)[0m

================================================================================

  [0;44m[TIP][0m: [0;94mEnhance Lynis audits by adding your settings to custom.prf (see /etc/lynis/default.prf for all settings)[0m

